<?xml version="1.0" encoding="UTF-8"?>
<testng-results ignored="0" total="1" passed="1" failed="0" skipped="0">
  <reporter-output>
  </reporter-output>
  <suite started-at="2023-11-10T14:37:58 IST" name="Default suite" finished-at="2023-11-10T14:38:10 IST" duration-ms="11975">
    <groups>
    </groups>
    <test started-at="2023-11-10T14:37:58 IST" name="Default test" finished-at="2023-11-10T14:38:10 IST" duration-ms="11975">
      <class name="Jewelry.Demo">
        <test-method is-config="true" signature="launchingBrowserAndNavigateToApplication()[pri:0, instance:Jewelry.Demo@5386659f]" started-at="2023-11-10T14:37:58 IST" name="launchingBrowserAndNavigateToApplication" finished-at="2023-11-10T14:38:08 IST" duration-ms="9791" status="PASS">
          <reporter-output>
          </reporter-output>
        </test-method> <!-- launchingBrowserAndNavigateToApplication -->
        <test-method is-config="true" signature="loginToApplication()[pri:0, instance:Jewelry.Demo@5386659f]" started-at="2023-11-10T14:38:08 IST" name="loginToApplication" finished-at="2023-11-10T14:38:08 IST" duration-ms="106" status="PASS">
          <reporter-output>
          </reporter-output>
        </test-method> <!-- loginToApplication -->
        <test-method signature="LaunchingTheBrowser()[pri:0, instance:Jewelry.Demo@5386659f]" started-at="2023-11-10T14:38:08 IST" name="LaunchingTheBrowser" finished-at="2023-11-10T14:38:09 IST" duration-ms="1232" status="PASS">
          <reporter-output>
          </reporter-output>
        </test-method> <!-- LaunchingTheBrowser -->
        <test-method is-config="true" signature="logOutFromApplication()[pri:0, instance:Jewelry.Demo@5386659f]" started-at="2023-11-10T14:38:09 IST" name="logOutFromApplication" finished-at="2023-11-10T14:38:09 IST" duration-ms="1" status="PASS">
          <reporter-output>
          </reporter-output>
        </test-method> <!-- logOutFromApplication -->
        <test-method is-config="true" signature="tearDownTheBrowser()[pri:0, instance:Jewelry.Demo@5386659f]" started-at="2023-11-10T14:38:09 IST" name="tearDownTheBrowser" finished-at="2023-11-10T14:38:10 IST" duration-ms="665" status="PASS">
          <reporter-output>
          </reporter-output>
        </test-method> <!-- tearDownTheBrowser -->
      </class> <!-- Jewelry.Demo -->
    </test> <!-- Default test -->
  </suite> <!-- Default suite -->
</testng-results>
