<?xml version="1.0" encoding="UTF-8"?>
<testng-results ignored="0" total="1" passed="1" failed="0" skipped="0">
  <reporter-output>
  </reporter-output>
  <suite started-at="2023-11-07T14:53:06 IST" name="Default suite" finished-at="2023-11-07T14:53:42 IST" duration-ms="35440">
    <groups>
    </groups>
    <test started-at="2023-11-07T14:53:06 IST" name="Default test" finished-at="2023-11-07T14:53:42 IST" duration-ms="35440">
      <class name="login.PracticeTestCase">
        <test-method is-config="true" signature="launchingBrowserAndNavigateToApplication()[pri:0, instance:login.PracticeTestCase@5386659f]" started-at="2023-11-07T14:53:07 IST" name="launchingBrowserAndNavigateToApplication" finished-at="2023-11-07T14:53:35 IST" duration-ms="28843" status="PASS">
          <reporter-output>
          </reporter-output>
        </test-method> <!-- launchingBrowserAndNavigateToApplication -->
        <test-method is-config="true" signature="loginToApplication()[pri:0, instance:login.PracticeTestCase@5386659f]" started-at="2023-11-07T14:53:35 IST" name="loginToApplication" finished-at="2023-11-07T14:53:36 IST" duration-ms="150" status="PASS">
          <reporter-output>
          </reporter-output>
        </test-method> <!-- loginToApplication -->
        <test-method signature="launchingFB()[pri:0, instance:login.PracticeTestCase@5386659f]" started-at="2023-11-07T14:53:36 IST" name="launchingFB" finished-at="2023-11-07T14:53:41 IST" duration-ms="5496" status="PASS">
          <reporter-output>
          </reporter-output>
        </test-method> <!-- launchingFB -->
        <test-method is-config="true" signature="logOutFromApplication()[pri:0, instance:login.PracticeTestCase@5386659f]" started-at="2023-11-07T14:53:41 IST" name="logOutFromApplication" finished-at="2023-11-07T14:53:41 IST" duration-ms="1" status="PASS">
          <reporter-output>
          </reporter-output>
        </test-method> <!-- logOutFromApplication -->
        <test-method is-config="true" signature="tearDownTheBrowser()[pri:0, instance:login.PracticeTestCase@5386659f]" started-at="2023-11-07T14:53:41 IST" name="tearDownTheBrowser" finished-at="2023-11-07T14:53:42 IST" duration-ms="818" status="PASS">
          <reporter-output>
          </reporter-output>
        </test-method> <!-- tearDownTheBrowser -->
      </class> <!-- login.PracticeTestCase -->
    </test> <!-- Default test -->
  </suite> <!-- Default suite -->
</testng-results>
